\BOOKMARK [1][-]{section.1}{Introduction}{}% 1
\BOOKMARK [1][-]{section.2}{Prerequisites}{}% 2
\BOOKMARK [1][-]{section.3}{Checklist}{}% 3
\BOOKMARK [1][-]{section.4}{Definitions and Thermodynamic Preliminaries}{}% 4
\BOOKMARK [1][-]{section.5}{Single Phase Properties}{}% 5
\BOOKMARK [2][-]{subsection.5.1}{Pure Solvent Properties}{section.5}% 6
\BOOKMARK [3][-]{subsubsection.5.1.1}{Density}{subsection.5.1}% 7
\BOOKMARK [3][-]{subsubsection.5.1.2}{Molar Enthalpy}{subsection.5.1}% 8
\BOOKMARK [3][-]{subsubsection.5.1.3}{Heat Capacity}{subsection.5.1}% 9
\BOOKMARK [3][-]{subsubsection.5.1.4}{Isothermal Compressibility}{subsection.5.1}% 10
\BOOKMARK [3][-]{subsubsection.5.1.5}{Speed of Sound}{subsection.5.1}% 11
\BOOKMARK [3][-]{subsubsection.5.1.6}{Dielectric Constant}{subsection.5.1}% 12
\BOOKMARK [2][-]{subsection.5.2}{Binary Mixture Properties}{section.5}% 13
\BOOKMARK [3][-]{subsubsection.5.2.1}{Mass Density, Speed of Sound and Dielectric Constant}{subsection.5.2}% 14
\BOOKMARK [3][-]{subsubsection.5.2.2}{Activity Coefficient}{subsection.5.2}% 15
\BOOKMARK [3][-]{subsubsection.5.2.3}{Excess Molar Properties}{subsection.5.2}% 16
\BOOKMARK [3][-]{subsubsection.5.2.4}{Excess Molar Heat Capacity and Volume}{subsection.5.2}% 17
\BOOKMARK [3][-]{subsubsection.5.2.5}{Excess Molar Enthalpy}{subsection.5.2}% 18
\BOOKMARK [2][-]{subsection.5.3}{Suggested Corrections}{section.5}% 19
\BOOKMARK [3][-]{subsubsection.5.3.1}{Heat Capacity}{subsection.5.3}% 20
\BOOKMARK [1][-]{section.6}{Properties Involving Change of Phase}{}% 21
\BOOKMARK [2][-]{subsection.6.1}{Pure Solvent Properties}{section.6}% 22
\BOOKMARK [3][-]{subsubsection.6.1.1}{Enthalpy of Vaporization}{subsection.6.1}% 23
\BOOKMARK [2][-]{subsection.6.2}{Suggested Corrections}{section.6}% 24
\BOOKMARK [3][-]{subsubsection.6.2.1}{Enthalpy of Vaporization}{subsection.6.2}% 25
\BOOKMARK [1][-]{section.7}{Numerical Considerations}{}% 26
\BOOKMARK [2][-]{subsection.7.1}{Quality of Timeseries Data}{section.7}% 27
\BOOKMARK [3][-]{subsubsection.7.1.1}{Equilibrium Sampling}{subsection.7.1}% 28
\BOOKMARK [2][-]{subsection.7.2}{System Size}{section.7}% 29
\BOOKMARK [3][-]{subsubsection.7.2.1}{Enthalpy and Heat Capacity}{subsection.7.2}% 30
\BOOKMARK [3][-]{subsubsection.7.2.2}{Volume and compressibility}{subsection.7.2}% 31
\BOOKMARK [3][-]{subsubsection.7.2.3}{Speed of Sound}{subsection.7.2}% 32
\BOOKMARK [3][-]{subsubsection.7.2.4}{Dielectric Constant}{subsection.7.2}% 33
\BOOKMARK [3][-]{subsubsection.7.2.5}{Discussion}{subsection.7.2}% 34
\BOOKMARK [2][-]{subsection.7.3}{Comparison of Calculation Methods}{section.7}% 35
\BOOKMARK [3][-]{subsubsection.7.3.1}{Comparison of MBAR finite differences and direct finite differences}{subsection.7.3}% 36
\BOOKMARK [3][-]{subsubsection.7.3.2}{Finite differences and fluctuations}{subsection.7.3}% 37
\BOOKMARK [1][-]{section.8}{Author Contributions}{}% 38
\BOOKMARK [1][-]{section.9}{Other Contributions}{}% 39
\BOOKMARK [1][-]{section.10}{Potentially Conflicting Interests}{}% 40
\BOOKMARK [1][-]{section.11}{Funding Information}{}% 41
